# JRE version: OpenJDK Runtime Environment Temurin-21.0.9+10 (21.0.9+10) (build 21.0.9+10-LTS)
# Java VM: OpenJDK 64-Bit Server VM Temurin-21.0.9+10 (21.0.9+10-LTS, mixed mode, sharing, tiered, compressed oops, compressed class ptrs, parallel gc, windows-amd64)
GC Precious Log:
 CardTable entry size: 512
 CPUs: 16 total, 16 available
 Memory: 16108M
 Large Page Support: Disabled
 NUMA Support: Disabled
 Compressed Oops: Enabled (32-bit)
 Alignments: Space 512K, Generation 512K, Heap 2M
 Heap Min Capacity: 100M
 Heap Initial Capacity: 100M
 Heap Max Capacity: 2G
 Pre-touch: Disabled
 Parallel Workers: 13
Heap:
 PSYoungGen      total 2048K, used 835K [0x00000000d5580000, 0x00000000d5900000, 0x0000000100000000)
  eden space 1536K, 31% used [0x00000000d5580000,0x00000000d55f8f58,0x00000000d5700000)
  from space 512K, 68% used [0x00000000d5880000,0x00000000d58d8000,0x00000000d5900000)
  to   space 512K, 0% used [0x00000000d5800000,0x00000000d5800000,0x00000000d5880000)
 ParOldGen       total 1074176K, used 1074001K [0x0000000080000000, 0x00000000c1900000, 0x00000000d5580000)
  object space 1074176K, 99% used [0x0000000080000000,0x00000000c18d47a0,0x00000000c1900000)
 Metaspace       used 76965K, committed 78464K, reserved 1179648K
  class space    used 7665K, committed 8320K, reserved 1048576K
GC Heap History (20 events):
Event: 77080.018 GC heap before
{Heap before GC invocations=1241 (full 4):
 PSYoungGen      total 2048K, used 1888K [0x00000000d5580000, 0x00000000d5900000, 0x0000000100000000)
  eden space 1536K, 100% used [0x00000000d5580000,0x00000000d5700000,0x00000000d5700000)
  from space 512K, 68% used [0x00000000d5880000,0x00000000d58d8000,0x00000000d5900000)
  to   space 512K, 0% used [0x00000000d5800000,0x00000000d5800000,0x00000000d5880000)
 ParOldGen       total 1073152K, used 1072953K [0x0000000080000000, 0x00000000c1800000, 0x00000000d5580000)
  object space 1073152K, 99% used [0x0000000080000000,0x00000000c17ce740,0x00000000c1800000)
 Metaspace       used 76960K, committed 78464K, reserved 1179648K
  class space    used 7664K, committed 8320K, reserved 1048576K
}
Event: 77080.020 GC heap after
{Heap after GC invocations=1241 (full 4):
 PSYoungGen      total 2048K, used 320K [0x00000000d5580000, 0x00000000d5900000, 0x0000000100000000)
  eden space 1536K, 0% used [0x00000000d5580000,0x00000000d5580000,0x00000000d5700000)
  from space 512K, 62% used [0x00000000d5800000,0x00000000d5850000,0x00000000d5880000)
  to   space 512K, 0% used [0x00000000d5880000,0x00000000d5880000,0x00000000d5900000)
 ParOldGen       total 1073152K, used 1073057K [0x0000000080000000, 0x00000000c1800000, 0x00000000d5580000)
  object space 1073152K, 99% used [0x0000000080000000,0x00000000c17e8740,0x00000000c1800000)
 Metaspace       used 76960K, committed 78464K, reserved 1179648K
  class space    used 7664K, committed 8320K, reserved 1048576K
}
Event: 77080.084 GC heap before
{Heap before GC invocations=1242 (full 4):
 PSYoungGen      total 2048K, used 1856K [0x00000000d5580000, 0x00000000d5900000, 0x0000000100000000)
  eden space 1536K, 100% used [0x00000000d5580000,0x00000000d5700000,0x00000000d5700000)
  from space 512K, 62% used [0x00000000d5800000,0x00000000d5850000,0x00000000d5880000)
  to   space 512K, 0% used [0x00000000d5880000,0x00000000d5880000,0x00000000d5900000)
 ParOldGen       total 1073152K, used 1073057K [0x0000000080000000, 0x00000000c1800000, 0x00000000d5580000)
  object space 1073152K, 99% used [0x0000000080000000,0x00000000c17e8740,0x00000000c1800000)
 Metaspace       used 76960K, committed 78464K, reserved 1179648K
  class space    used 7664K, committed 8320K, reserved 1048576K
}
Event: 77080.090 GC heap after
{Heap after GC invocations=1242 (full 4):
 PSYoungGen      total 2048K, used 288K [0x00000000d5580000, 0x00000000d5900000, 0x0000000100000000)
  eden space 1536K, 0% used [0x00000000d5580000,0x00000000d5580000,0x00000000d5700000)
  from space 512K, 56% used [0x00000000d5880000,0x00000000d58c8000,0x00000000d5900000)
  to   space 512K, 0% used [0x00000000d5800000,0x00000000d5800000,0x00000000d5880000)
 ParOldGen       total 1073152K, used 1073121K [0x0000000080000000, 0x00000000c1800000, 0x00000000d5580000)
  object space 1073152K, 99% used [0x0000000080000000,0x00000000c17f8740,0x00000000c1800000)
 Metaspace       used 76960K, committed 78464K, reserved 1179648K
  class space    used 7664K, committed 8320K, reserved 1048576K
}
Event: 77371.879 GC heap before
{Heap before GC invocations=1243 (full 4):
 PSYoungGen      total 2048K, used 1823K [0x00000000d5580000, 0x00000000d5900000, 0x0000000100000000)
  eden space 1536K, 99% used [0x00000000d5580000,0x00000000d56fffd8,0x00000000d5700000)
  from space 512K, 56% used [0x00000000d5880000,0x00000000d58c8000,0x00000000d5900000)
  to   space 512K, 0% used [0x00000000d5800000,0x00000000d5800000,0x00000000d5880000)
 ParOldGen       total 1073152K, used 1073121K [0x0000000080000000, 0x00000000c1800000, 0x00000000d5580000)
  object space 1073152K, 99% used [0x0000000080000000,0x00000000c17f8740,0x00000000c1800000)
 Metaspace       used 76962K, committed 78464K, reserved 1179648K
  class space    used 7664K, committed 8320K, reserved 1048576K
}
Event: 77371.900 GC heap after
{Heap after GC invocations=1243 (full 4):
 PSYoungGen      total 2048K, used 320K [0x00000000d5580000, 0x00000000d5900000, 0x0000000100000000)
  eden space 1536K, 0% used [0x00000000d5580000,0x00000000d5580000,0x00000000d5700000)
  from space 512K, 62% used [0x00000000d5800000,0x00000000d5850000,0x00000000d5880000)
  to   space 512K, 0% used [0x00000000d5880000,0x00000000d5880000,0x00000000d5900000)
 ParOldGen       total 1073152K, used 1073121K [0x0000000080000000, 0x00000000c1800000, 0x00000000d5580000)
  object space 1073152K, 99% used [0x0000000080000000,0x00000000c17f8740,0x00000000c1800000)
 Metaspace       used 76962K, committed 78464K, reserved 1179648K
  class space    used 7664K, committed 8320K, reserved 1048576K
}
Event: 77371.964 GC heap before
{Heap before GC invocations=1244 (full 4):
 PSYoungGen      total 2048K, used 1855K [0x00000000d5580000, 0x00000000d5900000, 0x0000000100000000)
  eden space 1536K, 99% used [0x00000000d5580000,0x00000000d56fff90,0x00000000d5700000)
  from space 512K, 62% used [0x00000000d5800000,0x00000000d5850000,0x00000000d5880000)
  to   space 512K, 0% used [0x00000000d5880000,0x00000000d5880000,0x00000000d5900000)
 ParOldGen       total 1073152K, used 1073121K [0x0000000080000000, 0x00000000c1800000, 0x00000000d5580000)
  object space 1073152K, 99% used [0x0000000080000000,0x00000000c17f8740,0x00000000c1800000)
 Metaspace       used 76962K, committed 78464K, reserved 1179648K
  class space    used 7664K, committed 8320K, reserved 1048576K
}
Event: 77371.967 GC heap after
{Heap after GC invocations=1244 (full 4):
 PSYoungGen      total 2048K, used 320K [0x00000000d5580000, 0x00000000d5900000, 0x0000000100000000)
  eden space 1536K, 0% used [0x00000000d5580000,0x00000000d5580000,0x00000000d5700000)
  from space 512K, 62% used [0x00000000d5880000,0x00000000d58d0000,0x00000000d5900000)
  to   space 512K, 0% used [0x00000000d5800000,0x00000000d5800000,0x00000000d5880000)
 ParOldGen       total 1073664K, used 1073225K [0x0000000080000000, 0x00000000c1880000, 0x00000000d5580000)
  object space 1073664K, 99% used [0x0000000080000000,0x00000000c1812740,0x00000000c1880000)
 Metaspace       used 76962K, committed 78464K, reserved 1179648K
  class space    used 7664K, committed 8320K, reserved 1048576K
}
Event: 77372.035 GC heap before
{Heap before GC invocations=1245 (full 4):
 PSYoungGen      total 2048K, used 1856K [0x00000000d5580000, 0x00000000d5900000, 0x0000000100000000)
  eden space 1536K, 100% used [0x00000000d5580000,0x00000000d5700000,0x00000000d5700000)
  from space 512K, 62% used [0x00000000d5880000,0x00000000d58d0000,0x00000000d5900000)
  to   space 512K, 0% used [0x00000000d5800000,0x00000000d5800000,0x00000000d5880000)
 ParOldGen       total 1073664K, used 1073225K [0x0000000080000000, 0x00000000c1880000, 0x00000000d5580000)
  object space 1073664K, 99% used [0x0000000080000000,0x00000000c1812740,0x00000000c1880000)
 Metaspace       used 76962K, committed 78464K, reserved 1179648K
  class space    used 7664K, committed 8320K, reserved 1048576K
}
Event: 77372.038 GC heap after
{Heap after GC invocations=1245 (full 4):
 PSYoungGen      total 2048K, used 352K [0x00000000d5580000, 0x00000000d5900000, 0x0000000100000000)
  eden space 1536K, 0% used [0x00000000d5580000,0x00000000d5580000,0x00000000d5700000)
  from space 512K, 68% used [0x00000000d5800000,0x00000000d5858000,0x00000000d5880000)
  to   space 512K, 0% used [0x00000000d5880000,0x00000000d5880000,0x00000000d5900000)
 ParOldGen       total 1073664K, used 1073409K [0x0000000080000000, 0x00000000c1880000, 0x00000000d5580000)
  object space 1073664K, 99% used [0x0000000080000000,0x00000000c1840740,0x00000000c1880000)
 Metaspace       used 76962K, committed 78464K, reserved 1179648K
  class space    used 7664K, committed 8320K, reserved 1048576K
}
Event: 77372.077 GC heap before
{Heap before GC invocations=1246 (full 4):
 PSYoungGen      total 2048K, used 1888K [0x00000000d5580000, 0x00000000d5900000, 0x0000000100000000)
  eden space 1536K, 100% used [0x00000000d5580000,0x00000000d5700000,0x00000000d5700000)
  from space 512K, 68% used [0x00000000d5800000,0x00000000d5858000,0x00000000d5880000)
  to   space 512K, 0% used [0x00000000d5880000,0x00000000d5880000,0x00000000d5900000)
 ParOldGen       total 1073664K, used 1073409K [0x0000000080000000, 0x00000000c1880000, 0x00000000d5580000)
  object space 1073664K, 99% used [0x0000000080000000,0x00000000c1840740,0x00000000c1880000)
 Metaspace       used 76962K, committed 78464K, reserved 1179648K
  class space    used 7664K, committed 8320K, reserved 1048576K
}
Event: 77372.081 GC heap after
{Heap after GC invocations=1246 (full 4):
 PSYoungGen      total 2048K, used 480K [0x00000000d5580000, 0x00000000d5900000, 0x0000000100000000)
  eden space 1536K, 0% used [0x00000000d5580000,0x00000000d5580000,0x00000000d5700000)
  from space 512K, 93% used [0x00000000d5880000,0x00000000d58f8040,0x00000000d5900000)
  to   space 512K, 0% used [0x00000000d5800000,0x00000000d5800000,0x00000000d5880000)
 ParOldGen       total 1073664K, used 1073473K [0x0000000080000000, 0x00000000c1880000, 0x00000000d5580000)
  object space 1073664K, 99% used [0x0000000080000000,0x00000000c1850750,0x00000000c1880000)
 Metaspace       used 76962K, committed 78464K, reserved 1179648K
  class space    used 7664K, committed 8320K, reserved 1048576K
}
Event: 77617.173 GC heap before
{Heap before GC invocations=1247 (full 4):
 PSYoungGen      total 2048K, used 2016K [0x00000000d5580000, 0x00000000d5900000, 0x0000000100000000)
  eden space 1536K, 100% used [0x00000000d5580000,0x00000000d5700000,0x00000000d5700000)
  from space 512K, 93% used [0x00000000d5880000,0x00000000d58f8040,0x00000000d5900000)
  to   space 512K, 0% used [0x00000000d5800000,0x00000000d5800000,0x00000000d5880000)
 ParOldGen       total 1073664K, used 1073473K [0x0000000080000000, 0x00000000c1880000, 0x00000000d5580000)
  object space 1073664K, 99% used [0x0000000080000000,0x00000000c1850750,0x00000000c1880000)
 Metaspace       used 76965K, committed 78464K, reserved 1179648K
  class space    used 7665K, committed 8320K, reserved 1048576K
}
Event: 77617.225 GC heap after
{Heap after GC invocations=1247 (full 4):
 PSYoungGen      total 2048K, used 288K [0x00000000d5580000, 0x00000000d5900000, 0x0000000100000000)
  eden space 1536K, 0% used [0x00000000d5580000,0x00000000d5580000,0x00000000d5700000)
  from space 512K, 56% used [0x00000000d5800000,0x00000000d5848000,0x00000000d5880000)
  to   space 512K, 0% used [0x00000000d5880000,0x00000000d5880000,0x00000000d5900000)
 ParOldGen       total 1073664K, used 1073569K [0x0000000080000000, 0x00000000c1880000, 0x00000000d5580000)
  object space 1073664K, 99% used [0x0000000080000000,0x00000000c1868770,0x00000000c1880000)
 Metaspace       used 76965K, committed 78464K, reserved 1179648K
  class space    used 7665K, committed 8320K, reserved 1048576K
}
Event: 77617.654 GC heap before
{Heap before GC invocations=1248 (full 4):
 PSYoungGen      total 2048K, used 1824K [0x00000000d5580000, 0x00000000d5900000, 0x0000000100000000)
  eden space 1536K, 100% used [0x00000000d5580000,0x00000000d5700000,0x00000000d5700000)
  from space 512K, 56% used [0x00000000d5800000,0x00000000d5848000,0x00000000d5880000)
  to   space 512K, 0% used [0x00000000d5880000,0x00000000d5880000,0x00000000d5900000)
 ParOldGen       total 1073664K, used 1073569K [0x0000000080000000, 0x00000000c1880000, 0x00000000d5580000)
  object space 1073664K, 99% used [0x0000000080000000,0x00000000c1868770,0x00000000c1880000)
 Metaspace       used 76965K, committed 78464K, reserved 1179648K
  class space    used 7665K, committed 8320K, reserved 1048576K
}
Event: 77617.657 GC heap after
{Heap after GC invocations=1248 (full 4):
 PSYoungGen      total 2048K, used 500K [0x00000000d5580000, 0x00000000d5900000, 0x0000000100000000)
  eden space 1536K, 0% used [0x00000000d5580000,0x00000000d5580000,0x00000000d5700000)
  from space 512K, 97% used [0x00000000d5880000,0x00000000d58fd080,0x00000000d5900000)
  to   space 1024K, 0% used [0x00000000d5700000,0x00000000d5700000,0x00000000d5800000)
 ParOldGen       total 1074176K, used 1073673K [0x0000000080000000, 0x00000000c1900000, 0x00000000d5580000)
  object space 1074176K, 99% used [0x0000000080000000,0x00000000c1882770,0x00000000c1900000)
 Metaspace       used 76965K, committed 78464K, reserved 1179648K
  class space    used 7665K, committed 8320K, reserved 1048576K
}
Event: 77617.721 GC heap before
{Heap before GC invocations=1249 (full 4):
 PSYoungGen      total 2048K, used 2036K [0x00000000d5580000, 0x00000000d5900000, 0x0000000100000000)
  eden space 1536K, 100% used [0x00000000d5580000,0x00000000d5700000,0x00000000d5700000)
  from space 512K, 97% used [0x00000000d5880000,0x00000000d58fd080,0x00000000d5900000)
  to   space 1024K, 0% used [0x00000000d5700000,0x00000000d5700000,0x00000000d5800000)
 ParOldGen       total 1074176K, used 1073673K [0x0000000080000000, 0x00000000c1900000, 0x00000000d5580000)
  object space 1074176K, 99% used [0x0000000080000000,0x00000000c1882770,0x00000000c1900000)
 Metaspace       used 76965K, committed 78464K, reserved 1179648K
  class space    used 7665K, committed 8320K, reserved 1048576K
}
Event: 77617.724 GC heap after
{Heap after GC invocations=1249 (full 4):
 PSYoungGen      total 2560K, used 208K [0x00000000d5580000, 0x00000000d5900000, 0x0000000100000000)
  eden space 1536K, 0% used [0x00000000d5580000,0x00000000d5580000,0x00000000d5700000)
  from space 1024K, 20% used [0x00000000d5700000,0x00000000d5734010,0x00000000d5800000)
  to   space 512K, 0% used [0x00000000d5880000,0x00000000d5880000,0x00000000d5900000)
 ParOldGen       total 1074176K, used 1073865K [0x0000000080000000, 0x00000000c1900000, 0x00000000d5580000)
  object space 1074176K, 99% used [0x0000000080000000,0x00000000c18b2770,0x00000000c1900000)
 Metaspace       used 76965K, committed 78464K, reserved 1179648K
  class space    used 7665K, committed 8320K, reserved 1048576K
}
Event: 77617.788 GC heap before
{Heap before GC invocations=1250 (full 4):
 PSYoungGen      total 2560K, used 1744K [0x00000000d5580000, 0x00000000d5900000, 0x0000000100000000)
  eden space 1536K, 100% used [0x00000000d5580000,0x00000000d5700000,0x00000000d5700000)
  from space 1024K, 20% used [0x00000000d5700000,0x00000000d5734010,0x00000000d5800000)
  to   space 512K, 0% used [0x00000000d5880000,0x00000000d5880000,0x00000000d5900000)
 ParOldGen       total 1074176K, used 1073865K [0x0000000080000000, 0x00000000c1900000, 0x00000000d5580000)
  object space 1074176K, 99% used [0x0000000080000000,0x00000000c18b2770,0x00000000c1900000)
 Metaspace       used 76965K, committed 78464K, reserved 1179648K
  class space    used 7665K, committed 8320K, reserved 1048576K
}
Event: 77617.791 GC heap after
{Heap after GC invocations=1250 (full 4):
 PSYoungGen      total 2048K, used 352K [0x00000000d5580000, 0x00000000d5900000, 0x0000000100000000)
  eden space 1536K, 0% used [0x00000000d5580000,0x00000000d5580000,0x00000000d5700000)
  from space 512K, 68% used [0x00000000d5880000,0x00000000d58d8000,0x00000000d5900000)
  to   space 512K, 0% used [0x00000000d5800000,0x00000000d5800000,0x00000000d5880000)
 ParOldGen       total 1074176K, used 1074001K [0x0000000080000000, 0x00000000c1900000, 0x00000000d5580000)
  object space 1074176K, 99% used [0x0000000080000000,0x00000000c18d47a0,0x00000000c1900000)
 Metaspace       used 76965K, committed 78464K, reserved 1179648K
  class space    used 7665K, committed 8320K, reserved 1048576K
}

